[debug] [2018-06-10T12:46:41.730Z] ----------------------------------------------------------------------
[debug] [2018-06-10T12:46:41.731Z] Command:       C:\Program Files\nodejs\node.exe C:\Users\User\AppData\Roaming\npm\node_modules\firebase-tools\bin\firebase init
[debug] [2018-06-10T12:46:41.732Z] CLI Version:   3.18.6
[debug] [2018-06-10T12:46:41.732Z] Platform:      win32
[debug] [2018-06-10T12:46:41.732Z] Node Version:  v8.10.0
[debug] [2018-06-10T12:46:41.732Z] Time:          Sun Jun 10 2018 15:46:41 GMT+0300 (Jerusalem Daylight Time)
[debug] [2018-06-10T12:46:41.732Z] ----------------------------------------------------------------------
[debug] 
[debug] [2018-06-10T12:46:41.745Z] > command requires scopes: ["email","openid","https://www.googleapis.com/auth/cloudplatformprojects.readonly","https://www.googleapis.com/auth/firebase"]
[debug] [2018-06-10T12:46:41.745Z] > authorizing via signed-in user
[info] 
     ######## #### ########  ######## ########     ###     ######  ########
     ##        ##  ##     ## ##       ##     ##  ##   ##  ##       ##
     ######    ##  ########  ######   ########  #########  ######  ######
     ##        ##  ##    ##  ##       ##     ## ##     ##       ## ##
     ##       #### ##     ## ######## ########  ##     ##  ######  ########

You're about to initialize a Firebase project in this directory:

  C:\Users\User\WebstormProjects\Yedidim-Team-7\Admin_Web\Admin_Site

Before we get started, keep in mind:

  * You are initializing in an existing Firebase project directory

[info] 
=== Project Setup
[info] 
[info] First, let's associate this project directory with a Firebase project.
[info] You can create multiple project aliases by running firebase use --add, 
[info] but for now we'll just set up a default project.
[info] 
[debug] [2018-06-10T12:47:00.798Z] > refreshing access token with scopes: ["email","https://www.googleapis.com/auth/cloudplatformprojects.readonly","https://www.googleapis.com/auth/firebase","openid"]
[debug] [2018-06-10T12:47:00.798Z] >>> HTTP REQUEST POST https://www.googleapis.com/oauth2/v3/token  
 { refresh_token: '1/SX5oxr-uKzE4-8qkaTFYRaNN_kl4DRRXguH45HmW0Ck',
  client_id: '563584335869-fgrhgmd47bqnekij5i8b5pr03ho849e6.apps.googleusercontent.com',
  client_secret: 'j9iVZfS8kkCEFUPaAeJV0sAi',
  grant_type: 'refresh_token',
  scope: 'email https://www.googleapis.com/auth/cloudplatformprojects.readonly https://www.googleapis.com/auth/firebase openid' } 
 Sun Jun 10 2018 15:47:00 GMT+0300 (Jerusalem Daylight Time)
[debug] [2018-06-10T12:47:01.153Z] <<< HTTP RESPONSE 200
[debug] [2018-06-10T12:47:01.185Z] >>> HTTP REQUEST GET https://admin.firebase.com/v1/projects  
  
 Sun Jun 10 2018 15:47:01 GMT+0300 (Jerusalem Daylight Time)
[debug] [2018-06-10T12:47:02.417Z] <<< HTTP RESPONSE 200
[info] i  .firebaserc already has a default project, skipping
[info] 
=== Database Setup
[info] 
[info] Firebase Realtime Database Rules allow you to define how your data should be
[info] structured and when your data can be read from and written to.
[info] 
[debug] [2018-06-10T12:47:26.844Z] Error: EISDIR: illegal operation on a directory, open 'C:\Users\User\WebstormProjects\Yedidim-Team-7\Admin_Web\Admin_Site\dist'
    at Object.fs.openSync (fs.js:646:18)
    at Object.fs.writeFileSync (fs.js:1299:33)
    at Config.writeProjectFile (C:\Users\User\AppData\Roaming\npm\node_modules\firebase-tools\lib\config.js:195:6)
    at C:\Users\User\AppData\Roaming\npm\node_modules\firebase-tools\lib\init\features\database.js:33:21
    at <anonymous>
    at process._tickDomainCallback (internal/process/next_tick.js:228:7)
[error] 
[error] Error: An unexpected error has occurred.
